Symlinking /home/mayur/my_ws/src/perception/devel/share/roseus/ros/obstacle_detection/manifest.l
Symlinking /home/mayur/my_ws/src/perception/devel/share/roseus/ros/obstacle_detection/msg/BoundingBox.l
Symlinking /home/mayur/my_ws/src/perception/devel/share/roseus/ros/obstacle_detection/msg/BoundingBoxes.l
Symlinking /home/mayur/my_ws/src/perception/devel/share/common-lisp/ros/obstacle_detection/msg/BoundingBoxes.lisp
Symlinking /home/mayur/my_ws/src/perception/devel/share/common-lisp/ros/obstacle_detection/msg/_package_BoundingBoxes.lisp
Symlinking /home/mayur/my_ws/src/perception/devel/share/common-lisp/ros/obstacle_detection/msg/_package_BoundingBox.lisp
Symlinking /home/mayur/my_ws/src/perception/devel/share/common-lisp/ros/obstacle_detection/msg/obstacle_detection-msg.asd
Symlinking /home/mayur/my_ws/src/perception/devel/share/common-lisp/ros/obstacle_detection/msg/BoundingBox.lisp
Symlinking /home/mayur/my_ws/src/perception/devel/share/common-lisp/ros/obstacle_detection/msg/_package.lisp
Symlinking /home/mayur/my_ws/src/perception/devel/share/gennodejs/ros/obstacle_detection/_index.js
Symlinking /home/mayur/my_ws/src/perception/devel/share/gennodejs/ros/obstacle_detection/msg/BoundingBox.js
Symlinking /home/mayur/my_ws/src/perception/devel/share/gennodejs/ros/obstacle_detection/msg/BoundingBoxes.js
Symlinking /home/mayur/my_ws/src/perception/devel/share/gennodejs/ros/obstacle_detection/msg/_index.js
Symlinking /home/mayur/my_ws/src/perception/devel/share/obstacle_detection/cmake/obstacle_detection-msg-extras.cmake
Symlinking /home/mayur/my_ws/src/perception/devel/share/obstacle_detection/cmake/obstacle_detectionConfig-version.cmake
Symlinking /home/mayur/my_ws/src/perception/devel/share/obstacle_detection/cmake/obstacle_detection-msg-paths.cmake
Symlinking /home/mayur/my_ws/src/perception/devel/share/obstacle_detection/cmake/obstacle_detectionConfig.cmake
Symlinking /home/mayur/my_ws/src/perception/devel/lib/python3/dist-packages/obstacle_detection/__init__.py
Symlinking /home/mayur/my_ws/src/perception/devel/lib/python3/dist-packages/obstacle_detection/msg/_BoundingBox.py
Symlinking /home/mayur/my_ws/src/perception/devel/lib/python3/dist-packages/obstacle_detection/msg/__init__.py
Symlinking /home/mayur/my_ws/src/perception/devel/lib/python3/dist-packages/obstacle_detection/msg/_BoundingBoxes.py
Symlinking /home/mayur/my_ws/src/perception/devel/lib/pkgconfig/obstacle_detection.pc
Symlinking /home/mayur/my_ws/src/perception/devel/include/obstacle_detection/BoundingBox.h
Symlinking /home/mayur/my_ws/src/perception/devel/include/obstacle_detection/BoundingBoxes.h
