[35m[1mScanning dependencies of target std_msgs_generate_messages_py[0m
[35m[1mScanning dependencies of target sensor_msgs_generate_messages_py[0m
[35m[1mScanning dependencies of target sensor_msgs_generate_messages_nodejs[0m
[35m[1mScanning dependencies of target _obstacle_detection_generate_messages_check_deps_BoundingBox[0m
[35m[1mScanning dependencies of target sensor_msgs_generate_messages_lisp[0m
[35m[1mScanning dependencies of target _obstacle_detection_generate_messages_check_deps_BoundingBoxes[0m
[35m[1mScanning dependencies of target std_msgs_generate_messages_nodejs[0m
[35m[1mScanning dependencies of target std_msgs_generate_messages_lisp[0m
[  0%] Built target std_msgs_generate_messages_py
[  0%] Built target sensor_msgs_generate_messages_py
[  0%] Built target sensor_msgs_generate_messages_nodejs
[  0%] Built target sensor_msgs_generate_messages_lisp
[  0%] Built target std_msgs_generate_messages_nodejs
[35m[1mScanning dependencies of target sensor_msgs_generate_messages_eus[0m
[  0%] Built target std_msgs_generate_messages_lisp
[35m[1mScanning dependencies of target std_msgs_generate_messages_eus[0m
[35m[1mScanning dependencies of target std_msgs_generate_messages_cpp[0m
[35m[1mScanning dependencies of target sensor_msgs_generate_messages_cpp[0m
[  0%] Built target sensor_msgs_generate_messages_eus
[  0%] Built target std_msgs_generate_messages_eus
[  0%] Built target std_msgs_generate_messages_cpp
[  0%] Built target sensor_msgs_generate_messages_cpp
[  0%] Built target _obstacle_detection_generate_messages_check_deps_BoundingBox
[  0%] Built target _obstacle_detection_generate_messages_check_deps_BoundingBoxes
[35m[1mScanning dependencies of target obstacle_detection_generate_messages_cpp[0m
[35m[1mScanning dependencies of target obstacle_detection_generate_messages_py[0m
[35m[1mScanning dependencies of target obstacle_detection_generate_messages_nodejs[0m
[35m[1mScanning dependencies of target obstacle_detection_generate_messages_lisp[0m
[35m[1mScanning dependencies of target obstacle_detection_generate_messages_eus[0m
[ 41%] [34m[1mGenerating Javascript code from obstacle_detection/BoundingBox.msg[0m
[ 41%] [34m[1mGenerating C++ code from obstacle_detection/BoundingBox.msg[0m
[ 41%] [34m[1mGenerating Javascript code from obstacle_detection/BoundingBoxes.msg[0m
[ 41%] [34m[1mGenerating Python from MSG obstacle_detection/BoundingBox[0m
[ 41%] [34m[1mGenerating C++ code from obstacle_detection/BoundingBoxes.msg[0m
[ 58%] [34m[1mGenerating Python from MSG obstacle_detection/BoundingBoxes[0m
[ 58%] [34m[1mGenerating EusLisp code from obstacle_detection/BoundingBox.msg[0m
[ 66%] [34m[1mGenerating Lisp code from obstacle_detection/BoundingBox.msg[0m
[ 75%] [34m[1mGenerating EusLisp code from obstacle_detection/BoundingBoxes.msg[0m
[ 75%] Built target obstacle_detection_generate_messages_nodejs
[ 83%] [34m[1mGenerating EusLisp manifest code for obstacle_detection[0m
[ 91%] [34m[1mGenerating Lisp code from obstacle_detection/BoundingBoxes.msg[0m
[ 91%] Built target obstacle_detection_generate_messages_lisp
[ 91%] Built target obstacle_detection_generate_messages_cpp
[ 91%] Built target obstacle_detection_generate_messages_eus
[100%] [34m[1mGenerating Python msg __init__.py for obstacle_detection[0m
[100%] Built target obstacle_detection_generate_messages_py
[35m[1mScanning dependencies of target obstacle_detection_generate_messages[0m
[100%] Built target obstacle_detection_generate_messages
